C51 COMPILER V9.54   DISPLAY                                                               03/30/2026 13:13:49 PAGE 1   


C51 COMPILER V9.54, COMPILATION OF MODULE DISPLAY
OBJECT MODULE PLACED IN .\Objects\display.obj
COMPILER INVOKED BY: D:\0_SoftWare\Keil5\C51\BIN\C51.EXE mybsp\display.c OPTIMIZE(8,SPEED) BROWSE DEBUG OBJECTEXTEND PRI
                    -NT(.\Listings\display.lst) TABS(2) OBJECT(.\Objects\display.obj)

line level    source

   1          #include <regdef.h>
   2          
   3          xdata unsigned char _dis_turn = 0x10; // 低四位表示P2的低四位，用于设置显示位置
   4          xdata unsigned char _dis_shape; //显示的形状，将会赋值给P0
   5          xdata unsigned char _seg_shape[8]; // 保存数码管显示的形状
   6          code unsigned char _dis_table[] = { 
   7              0x3F, 0x06, 0x5B, 0x4F, 0x66, 0x6D, 0x7D, 0x07, // 0-7
   8          //  0(0)  1(1)  2(2)  3(3)  4(4)  5(5)  6(6)  7(7)
   9              0x7F, 0x6F, 0x77, 0x7C, 0x39, 0x5E, 0x79, 0x71, // 8-15
  10          //  8(8)  9(9)  a(10) b(11) c(12) d(13) e(14) f(15)
  11              0xBF, 0x86, 0xDB, 0xcF, 0xE6, 0xED, 0xFD, 0x87, // 16-23
  12          //  0.(16)1.(17)2.(18)3.(19)4.(20)5.(21)6.(22)7.(23)
  13              0xFF, 0xEF, 0x3d, 0x76, 0x0f, 0x0E, 0x75, 0x38, // 24-31
  14          //  8.(24)9.(25)G(26) H(27) I(28) J(29) K(30) L(31)
  15              0x37, 0x54, 0x5c, 0x73, 0x67, 0x31, 0x49, 0x78, // 32-39
  16          //  M(32) N(33) O(34) P(35) Q(36) R(37) S(38) T(39)
  17              0x3e, 0x1c, 0x7e, 0x64, 0x6e, 0x5a, 0x00, 0xFF,  // 40-47
  18          //  U(40) V(41) W(42) X(43) Y(44) Z(45) None  ALL
  19              0xf7, 0xfc, 0xb9, 0xde, 0xf9, 0xf1, 0x40
  20          //  A.(48)B.(49)C.(50)D.(51)E.(52)F.(53) -(54)
  21          };
  22          
  23          void disInit(){
  24   1        // 设置推挽输出
  25   1        P2M1 = 0x00;
  26   1        P2M0 = 0xff;
  27   1        P0M1 = 0x00;
  28   1        P0M0 = 0xff;
  29   1      }
  30          
  31          void setLed(char led_vector){
  32   1        _dis_shape = led_vector;
  33   1      }
  34          
  35          void setSeg(char s0, char s1, char s2, char s3, char s4, char s5, char s6, char s7){
  36   1        _seg_shape[0] = _dis_table[s0];
  37   1        _seg_shape[1] = _dis_table[s1];
  38   1        _seg_shape[2] = _dis_table[s2];
  39   1        _seg_shape[3] = _dis_table[s3];
  40   1        _seg_shape[4] = _dis_table[s4];
  41   1        _seg_shape[5] = _dis_table[s5];
  42   1        _seg_shape[6] = _dis_table[s6];
  43   1        _seg_shape[7] = _dis_table[s7];
  44   1      }
  45          
  46          void setNum(unsigned long num){
  47   1        _seg_shape[0] = _dis_table[num/10000000%10];
  48   1        _seg_shape[1] = _dis_table[num/1000000%10];
  49   1        _seg_shape[2] = _dis_table[num/100000%10];
  50   1        _seg_shape[3] = _dis_table[num/10000%10];
  51   1        _seg_shape[4] = _dis_table[num/1000%10];
  52   1        _seg_shape[5] = _dis_table[num/100%10];
  53   1        _seg_shape[6] = _dis_table[num/10%10];
  54   1        _seg_shape[7] = _dis_table[num%10];
C51 COMPILER V9.54   DISPLAY                                                               03/30/2026 13:13:49 PAGE 2   

  55   1      }
  56          
  57          void addPoint(unsigned char cur){
  58   1        _seg_shape[cur] += 0x80;
  59   1      }
  60          
  61          void disRun(){
  62   1        // if((dis_turn & 0x10) != 0x10)return;
  63   1        
  64   1        if((_dis_turn&0x08) == 0x08){ // 显示led
  65   2          P2 = (P2&0xf7)+0x08;
  66   2          P0 = _dis_shape;
  67   2          _dis_turn = 0x00;
  68   2        }
  69   1        else{ // 显示数码管
  70   2          P2 = (P2&0xf0)+(_dis_turn&0x07);
  71   2          P0 = _seg_shape[(_dis_turn&0x07)];
  72   2          _dis_turn = ((_dis_turn + 1)&0x0f);
  73   2        }
  74   1        
  75   1      }


MODULE INFORMATION:   STATIC OVERLAYABLE
   CODE SIZE        =    614    ----
   CONSTANT SIZE    =     55    ----
   XDATA SIZE       =     10    ----
   PDATA SIZE       =   ----    ----
   DATA SIZE        =   ----      12
   IDATA SIZE       =   ----    ----
   BIT SIZE         =   ----    ----
END OF MODULE INFORMATION.


C51 COMPILATION COMPLETE.  0 WARNING(S),  0 ERROR(S)
