C51 COMPILER V9.54   DS1302                                                                03/20/2026 15:40:34 PAGE 1   


C51 COMPILER V9.54, COMPILATION OF MODULE DS1302
OBJECT MODULE PLACED IN .\Objects\DS1302.obj
COMPILER INVOKED BY: D:\0_SoftWare\Keil5\C51\BIN\C51.EXE DS1302.c OPTIMIZE(8,SPEED) BROWSE DEBUG OBJECTEXTEND PRINT(.\Li
                    -stings\DS1302.lst) TABS(2) OBJECT(.\Objects\DS1302.obj)

line level    source

   1          #include "DS1302.h"
   2          #include "regdef.h"
   3          
   4          sfr P5 = 0xC8;
   5          sfr P5M1 = 0xC9;
   6          sfr P5M0 = 0xCA;
   7          sbit SCLK = P1^5; // 串行时钟引脚
   8          sbit SDA = P5^4; // 数据输入/输出引脚
   9          sbit RST = P1^6; // 复位引脚
  10          
  11          #define _bcd_to_dec(num) (((num>>4)*10)+(num&0x0f))
  12          #define _dec_to_bcd(num) ((((num)/10)<<4)+(num%10))
  13          
  14          unsigned char readDS1302(unsigned char address){
  15   1        xdata unsigned char i, temp = 0x00;
  16   1        address = (address<<1)+0x81;
  17   1        
  18   1        P5M1 &= ~(1<<4);
  19   1        P5M0 |=  (1<<4);
  20   1        
  21   1        RST = 0; _nop_();
  22   1        SCLK = 0; _nop_();
  23   1        RST = 1; _nop_();
  24   1      
  25   1        // 写入地址
  26   1        for(i = 0; i < 8; i++){
  27   2          SDA = address & 0x01;
  28   2          address >>= 1;
  29   2          SCLK = 1;
  30   2          _nop_();
  31   2          SCLK = 0;
  32   2        }
  33   1        
  34   1        P5M1 |=  (1<<4);
  35   1        P5M0 &= ~(1<<4);
  36   1      
  37   1        // 切换为读取模式
  38   1        for(i = 0; i < 8; i++){
  39   2          temp >>= 1;
  40   2          if(SDA) temp |= 0x80;
  41   2          SCLK = 1;
  42   2          _nop_();
  43   2          SCLK = 0;
  44   2        }
  45   1      
  46   1        RST = 0; _nop_();
  47   1        return temp;
  48   1      }
  49          
  50          void writeDS1302(unsigned char address, unsigned char dat){
  51   1        xdata unsigned char i;
  52   1        address = (address<<1)+0x80;
  53   1        
  54   1        P5M1 &= ~(1<<4);
C51 COMPILER V9.54   DS1302                                                                03/20/2026 15:40:34 PAGE 2   

  55   1        P5M0 |=  (1<<4);
  56   1        
  57   1        RST = 0; _nop_();
  58   1        SCLK = 0; _nop_();
  59   1        RST = 1; _nop_();
  60   1      
  61   1        // 发送地址（8位，LSB first）
  62   1        for(i = 0; i < 8; i++){
  63   2            SDA = address & 0x01;
  64   2            address >>= 1;
  65   2            SCLK = 1;
  66   2            _nop_();
  67   2            SCLK = 0;
  68   2            _nop_();
  69   2        }
  70   1      
  71   1        // 发送数据（8位，LSB first）
  72   1        for(i = 0; i < 8; i++){
  73   2            SDA = dat & 0x01;
  74   2            dat >>= 1;
  75   2            SCLK = 1;
  76   2            _nop_();
  77   2            SCLK = 0;
  78   2            _nop_();
  79   2        }
  80   1      
  81   1        RST = 0; _nop_();
  82   1      }
  83          
  84          Date getDate(){
  85   1        xdata Date tmp;
  86   1        tmp.second = readDS1302(0);
  87   1        tmp.minute = readDS1302(1);
  88   1        tmp.hour = readDS1302(2);
  89   1        tmp.day = readDS1302(3);
  90   1        tmp.month = readDS1302(4);
  91   1        tmp.year = readDS1302(6);
  92   1        
  93   1        tmp.second = (tmp.second>>4)*10+(tmp.second&0x0f);
  94   1        tmp.minute = (tmp.minute>>4)*10+(tmp.minute&0x0f);
  95   1        tmp.hour = (tmp.hour>>4)*10+(tmp.hour&0x0f);
  96   1        tmp.day = (tmp.day>>4)*10+(tmp.day&0x0f);
  97   1        tmp.month = (tmp.month>>4)*10+(tmp.month&0x0f);
  98   1        tmp.year = (tmp.year>>4)*10+(tmp.year&0x0f);
  99   1        return tmp;
 100   1      }
 101          void writeDate(Date d){
 102   1        writeDS1302(7,0x00);
 103   1        writeDS1302(0,_dec_to_bcd(d.second));
 104   1        writeDS1302(1,_dec_to_bcd(d.minute));
 105   1        writeDS1302(2,_dec_to_bcd(d.hour));
 106   1        writeDS1302(3,_dec_to_bcd(d.day));
 107   1        writeDS1302(4,_dec_to_bcd(d.month));
 108   1        writeDS1302(6,_dec_to_bcd(d.year));
 109   1        writeDS1302(7,0x80);
 110   1      }
 111          
 112          void wRAM(unsigned char address, unsigned char dat){ // 读写RAM
 113   1        xdata unsigned char i;
 114   1        writeDS1302(7,0x00);
 115   1        address = (address<<1)+0xC0;
 116   1        
C51 COMPILER V9.54   DS1302                                                                03/20/2026 15:40:34 PAGE 3   

 117   1        P5M1 &= ~(1<<4);
 118   1        P5M0 |=  (1<<4);
 119   1        
 120   1        RST = 0; _nop_();
 121   1        SCLK = 0; _nop_();
 122   1        RST = 1; _nop_();
 123   1      
 124   1        // 发送地址（8位，LSB first）
 125   1        for(i = 0; i < 8; i++){
 126   2            SDA = address & 0x01;
 127   2            address >>= 1;
 128   2            SCLK = 1;
 129   2            _nop_();
 130   2            SCLK = 0;
 131   2            _nop_();
 132   2        }
 133   1      
 134   1        // 发送数据（8位，LSB first）
 135   1        for(i = 0; i < 8; i++){
 136   2          SDA = dat & 0x01;
 137   2          dat >>= 1;
 138   2          SCLK = 1; // 上升沿传数据
 139   2          _nop_();
 140   2          SCLK = 0;
 141   2          _nop_();
 142   2        }
 143   1      
 144   1        RST = 0; _nop_();
 145   1        writeDS1302(7,0x80);
 146   1      }
 147          
 148          unsigned char rRAM(unsigned char address){
 149   1        xdata unsigned char i, temp = 0x00;
 150   1        address = (address<<1)+0xC1;
 151   1        
 152   1        P5M1 &= ~(1<<4);
 153   1        P5M0 |=  (1<<4);
 154   1        
 155   1        RST = 0; _nop_();
 156   1        SCLK = 0; _nop_();
 157   1        RST = 1; _nop_();
 158   1      
 159   1        // 写入地址
 160   1        for(i = 0; i < 8; i++){
 161   2          SDA = address & 0x01;
 162   2          address >>= 1;
 163   2          SCLK = 1;
 164   2          _nop_();
 165   2          SCLK = 0;
 166   2        }
 167   1        
 168   1        P5M1 |=  (1<<4);
 169   1        P5M0 &= ~(1<<4);
 170   1      
 171   1        // 切换为读取模式
 172   1        for(i = 0; i < 8; i++){
 173   2          temp >>= 1;
 174   2          if(SDA) temp |= 0x80;
 175   2          SCLK = 1;
 176   2          _nop_();
 177   2          SCLK = 0;
 178   2        }
C51 COMPILER V9.54   DS1302                                                                03/20/2026 15:40:34 PAGE 4   

 179   1      
 180   1        RST = 0; _nop_();
 181   1        return temp;
 182   1      }


MODULE INFORMATION:   STATIC OVERLAYABLE
   CODE SIZE        =    718    ----
   CONSTANT SIZE    =   ----    ----
   XDATA SIZE       =   ----      12
   PDATA SIZE       =   ----    ----
   DATA SIZE        =   ----       6
   IDATA SIZE       =   ----    ----
   BIT SIZE         =   ----    ----
END OF MODULE INFORMATION.


C51 COMPILATION COMPLETE.  0 WARNING(S),  0 ERROR(S)
