C51 COMPILER V9.54   MAIN                                                                  04/27/2026 22:31:26 PAGE 1   


C51 COMPILER V9.54, COMPILATION OF MODULE MAIN
OBJECT MODULE PLACED IN .\Objects\main.obj
COMPILER INVOKED BY: D:\0_SoftWare\Keil5\C51\BIN\C51.EXE main.c OPTIMIZE(8,SPEED) BROWSE DEBUG OBJECTEXTEND PRINT(.\List
                    -ings\main.lst) TABS(2) OBJECT(.\Objects\main.obj)

line level    source

   1          #include <regx52.h>
   2          #include "rc522.h"
   3          #include "sys.h"
   4          #include "display.h"
   5          #include "uart1.h"
   6          #include "key.h"
   7          #include "adc.h"
   8          #include "AT24C02.h"
   9          
  10          xdata unsigned char uid[4]; // ж”ҫзҪ®RFIDзҡ„еәҸеҲ—еҸ·
  11          xdata unsigned char card_key[6] = {0xff,0xff,0xff,0xff,0xff,0xff}; // йӘҢиҜҒзҡ„еҜҶй’Ҙ
  12          xdata unsigned char card_data[16]; // дёҙж—¶еӯҳж”ҫиҜ»еҚЎзҡ„ж•°жҚ®
  13          xdata unsigned char send_buf[24]; // еҸ‘йҖҒзј“еҶІеҢәпјҲеҸ‘йҖҒж•°жҚ®еҸҜиғҪдёҚзӯүй•ҝпјү
  14          xdata unsigned char receive_buf[24]; // жҺҘж”¶зј“еҶІеҢә
  15          xdata unsigned char status = 0x0; // дёҙж—¶дҝқеӯҳзҠ¶жҖҒ
  16          xdata ADC adc_data; // дҝқеӯҳиҺ·еҸ–зҡ„adcж•°жҚ®
  17          xdata unsigned char mode = 0x00; // еҪ“еүҚзҡ„жЁЎејҸ
  18          xdata unsigned char counter_1s = 0x00; // 1sеӣһи°ғзҡ„и®Ўж•°
  19          xdata unsigned char is_stream_led = 0; // MODE1дёӢжҺ§еҲ¶ledжҳҜеҗҰжөҒж°ҙ
  20          xdata unsigned char led_vector = 0x01; // MODE1дёӢзҡ„дёӢдёҖдёӘledзҠ¶жҖҒ
  21          xdata unsigned char device_seq[6] = {0,0,0,0,0,0}; // и®ҫеӨҮеәҸеҲ—еҸ·
  22          xdata unsigned char cur_device_flag = 1; // MODE0жЁЎејҸдёӢжҺ§еҲ¶еҪ“еүҚжҳҫзӨәзҡ„и®ҫеӨҮеәҸеҲ—еҸ·пјҲ1иЎЁзӨәеү
             -ҚдёүдёӘеӯ—иҠӮпјҢ0иЎЁзӨәеҗҺ3дёӘеӯ—иҠӮпјү
  23          
  24          code unsigned char test_data[16] = { // жөӢиҜ•ж•°жҚ®
  25            1,2,3,4,
  26            5,6,7,8,
  27            9,10,11,12,
  28            13,14,15,16
  29          };
  30          
  31          sfr P3M1 = 0xB1;
  32          sfr P3M0 = 0xB2;
  33          unsigned int is_beep = 0;
  34          void Delay100us()   //@11.0592MHz
  35          {
  36   1        unsigned char i, j;
  37   1      
  38   1        _nop_();
  39   1        _nop_();
  40   1        i = 2;
  41   1        j = 15;
  42   1        do
  43   1        {
  44   2          while (--j);
  45   2        } while (--i);
  46   1      }
  47          
  48          void setBeep(unsigned int xms){
  49   1        unsigned int i=0;
  50   1        xms = xms*10;
  51   1        for(;i<xms;i++){
  52   2          P3_4 = !P3_4;
  53   2          Delay100us();
C51 COMPILER V9.54   MAIN                                                                  04/27/2026 22:31:26 PAGE 2   

  54   2        }
  55   1      }
  56          
  57          unsigned char simple_read_uid(unsigned char* _id);
  58          unsigned char writeRFID(unsigned char _addr, unsigned char* _data);
  59          unsigned char readRFID(unsigned char _addr, unsigned char* _uid,unsigned char* _buf);
  60          unsigned char read_uid(unsigned char* _id);
  61          void commit_sensor_data();
  62          unsigned char set_checksum(unsigned char* buf, unsigned char num); // и®Ўз®—еҒ¶ж ЎйӘҢеҖј
  63          /*жӯӨеӨ„иҝӣе…Ҙж ёеҝғйғЁеҲҶ*/
  64          void my1SCallback();
  65          void my100msCallback();
  66          void myKeyCallback(); // жҢүй”®еӣһи°ғ
  67          void myADCKeyCallback(); // ADCжҢүй”®еӣһи°ғ
  68          void myUartCallback(); // дёІеҸЈеӣһи°ғ
  69          void read_device_seq(); // иҜ»еҸ–и®ҫеӨҮеәҸеҲ—еҸ·
  70          void my1msCallback(){
  71   1        if(is_beep){
  72   2          P3_4 = !P3_4;
  73   2          is_beep--;
  74   2        }
  75   1      }
  76          
  77          void main() {
  78   1        // unsigned char ver;
  79   1        
  80   1        sysInit();
  81   1        disInit();
  82   1        ATInit();
  83   1        uart1Init(9600);
  84   1      //  P3M1 &= ~0x08;
  85   1      //  P3M0 |= 0x08;
  86   1        
  87   1        setUart1Buf(receive_buf, 24, send_buf, 2);
  88   1        
  89   1        // adcеҲқе§ӢеҢ–ж—¶пјҢеҪ“ж—¶е°Ҷp1.0е’Ңp1.1и®ҫзҪ®дёәдәҶADCеј•и„ҡпјҢеҜјиҮҙиҝҷйҮҢй”ҷиҜҜ
  90   1        // зҺ°е·Іи§ЈеҶі
  91   1        adcInit(); // жҡӮж—¶дёҚиғҪејҖadcзҡ„дёӯж–ӯ
  92   1        
  93   1        setCallback(enumEventInt1, my1msCallback);
  94   1        setCallback(enumEventInt100, my100msCallback);
  95   1        setCallback(enumEventKey, myKeyCallback);
  96   1        setCallback(enumEventAdcKey, myADCKeyCallback);
  97   1        setCallback(enumEventUart1, myUartCallback);
  98   1        setCallback(enumEventInt1000, my1SCallback);
  99   1        send_buf[0] = 0xaa;
 100   1        send_buf[1] = 0x55;
 101   1      
 102   1        read_device_seq();
 103   1        
 104   1        setLed(0x15);
 105   1        setSeg(0,1,2,3,4,5,6,7);
 106   1      
 107   1        rc522Init();
 108   1        // delay_ms(1000);
 109   1          
 110   1        while(1) {
 111   2            // ver = ReadRawRC(VersionReg);
 112   2            // uart1Send(&ver, 1);
 113   2            sysRun();
 114   2          }
 115   1      }
C51 COMPILER V9.54   MAIN                                                                  04/27/2026 22:31:26 PAGE 3   

 116          
 117          // жӯЈзЎ®иҝ”еӣһ0010 1111 = 0x2f
 118          // еҸӘйңҖиҰҒдј е…Ҙ_addrпјҢ_uidе’Ң_bufдјҡдҝқеӯҳRFIDзҡ„uidе’ҢиҜ»еҸ–еҲ°зҡ„ж•°жҚ®
 119          unsigned char readRFID(unsigned char _addr, unsigned char* _uid,unsigned char* _buf){ // е°қиҜ•иҜ»еҸ–uidдҪ
             -ҚдәҺaddrзҡ„ж•°жҚ®
 120   1        xdata unsigned char tmp = 0x00, try_cnt = 10;
 121   1        while(1){
 122   2          if(PcdRequest(0x52, _uid) == 0)tmp |= (1<<0);// еҜ»еҚЎ S50жҳҜ0x0400
 123   2      
 124   2          if(PcdAnticoll(_uid) == 0)tmp |= (1<<1); // йҳІеҶІзӘҒпјҢиҝ”еӣһuid
 125   2      
 126   2          if(PcdSelect(_uid) == 0) tmp |= (1<<2); // йҖүеҚЎпјҢйҖүжӢ©UIDеҜ№еә”зҡ„еҚЎзүҮ
 127   2      
 128   2          if(PcdAuthState(0x61, _addr, card_key, _uid) == 0) tmp |= (1<<3);
 129   2      
 130   2          // if(PcdWrite(_addr, test_data) == 0) status |= (1<<4);
 131   2      
 132   2          if(PcdRead(_addr, _buf) == 0) tmp |= (1<<5);
 133   2          
 134   2          if(tmp == 0x2f) break;
 135   2          else{ // жңӘжҲҗеҠҹ
 136   3            if(try_cnt-- == 0) break; // е°қиҜ•10ж¬ЎеҗҺпјҢзӣҙжҺҘиҝ”еӣһ
 137   3            else tmp = 0; // еҶҚж¬Ўе°қиҜ•
 138   3          }
 139   2        }
 140   1      
 141   1        
 142   1        PcdHalt();
 143   1        return tmp;
 144   1      }
 145          
 146          // з®ҖеҚ•иҺ·еҸ–uidпјҢжҲҗеҠҹиҝ”еӣһ0000 0011 = 0x03
 147          unsigned char simple_read_uid(unsigned char* _id){
 148   1        xdata unsigned char tmp = 0x00, try_cnt = 10;
 149   1        
 150   1        while(1){
 151   2          if(PcdRequest(0x52, 0x0400) == 0)tmp |= (1<<0);// еҜ»еҚЎ S50жҳҜ0x0400
 152   2          if(PcdAnticoll(_id) == 0)tmp |= (1<<1); // йҳІеҶІзӘҒпјҢиҝ”еӣһuid
 153   2          
 154   2          if(tmp == 0x03) break;
 155   2          else{ // жңӘжҲҗеҠҹ
 156   3            if(try_cnt-- == 0) break; // е°қиҜ•10ж¬ЎеҗҺпјҢзӣҙжҺҘиҝ”еӣһ
 157   3            else tmp = 0; // еҶҚж¬Ўе°қиҜ•
 158   3          }
 159   2        }
 160   1        return tmp;
 161   1      }
 162          
 163          // еҗ‘ең°еқҖ_addrеҶҷе…Ҙ_data
 164          // жҲҗеҠҹиҝ”еӣһ0001 1111=0x1F
 165          unsigned char writeRFID(unsigned char _addr, unsigned char* _data){
 166   1        xdata unsigned char tmp = 0x00, try_cnt = 10;
 167   1        xdata unsigned char _uid[4];
 168   1        while(1){
 169   2          if(PcdRequest(0x52, _uid) == 0)tmp |= (1<<0);// еҜ»еҚЎ S50жҳҜ0x0400
 170   2      
 171   2          if(PcdAnticoll(_uid) == 0)tmp |= (1<<1); // йҳІеҶІзӘҒпјҢиҝ”еӣһuid
 172   2      
 173   2          if(PcdSelect(_uid) == 0) tmp |= (1<<2); // йҖүеҚЎпјҢйҖүжӢ©UIDеҜ№еә”зҡ„еҚЎзүҮ
 174   2      
 175   2          if(PcdAuthState(0x61, _addr, card_key, _uid) == 0) tmp |= (1<<3);
 176   2      
C51 COMPILER V9.54   MAIN                                                                  04/27/2026 22:31:26 PAGE 4   

 177   2          if(PcdWrite(_addr, _data) == 0) tmp |= (1<<4);
 178   2      
 179   2          // if(PcdRead(_addr, _buf) == 0) tmp |= (1<<5);
 180   2          
 181   2          if(tmp == 0x1f) break;
 182   2          else{ // жңӘжҲҗеҠҹ
 183   3            if(try_cnt-- == 0) break; // е°қиҜ•10ж¬ЎеҗҺпјҢзӣҙжҺҘиҝ”еӣһ
 184   3            else tmp = 0; // еҶҚж¬Ўе°қиҜ•
 185   3          }
 186   2        }
 187   1        PcdHalt();
 188   1        return tmp;
 189   1      }
 190          
 191          // иҺ·еҸ–еҪ“еүҚRFIDзҡ„еәҸеҲ—еҸ·пјҢдҝқеӯҳеҲ°еҸӮж•°_idдёӯ
 192          // иҝ”еӣһеҖјдёә0000 0111 = 0x07иЎЁзӨәжӯЈзЎ®
 193          unsigned char read_uid(unsigned char* _id){
 194   1        xdata unsigned char tmp = 0x00, try_cnt = 10;
 195   1        
 196   1        while(1){
 197   2          if(PcdRequest(0x52, 0x0400) == 0)tmp |= (1<<0);// еҜ»еҚЎ S50жҳҜ0x0400
 198   2      
 199   2          if(PcdAnticoll(_id) == 0)tmp |= (1<<1); // йҳІеҶІзӘҒпјҢиҝ”еӣһuid
 200   2          
 201   2          // иҰҒиҺ·еҸ–uidпјҢе…¶е®һдёҚйңҖиҰҒиҝҷдёҖжӯҘпјҢдҪҶжҳҜдёәдәҶеҒңжңәпјҢе…ҲйҖүеҚЎ
 202   2          if(PcdSelect(_id) == 0) tmp |= (1<<2); // йҖүеҚЎпјҢйҖүжӢ©UIDеҜ№еә”зҡ„еҚЎзүҮ
 203   2          
 204   2          if(tmp == 0x07) break;
 205   2          else{ // жңӘжҲҗеҠҹ
 206   3            if(try_cnt-- == 0) break; // е°қиҜ•10ж¬ЎеҗҺпјҢзӣҙжҺҘиҝ”еӣһ
 207   3            else tmp = 0; // еҶҚж¬Ўе°қиҜ•
 208   3          }
 209   2        }
 210   1        PcdHalt();
 211   1        return tmp;
 212   1      }
 213          
 214          void read_device_seq(){
 215   1        unsigned char i;
 216   1        for(i=0;i<6;i++){
 217   2          device_seq[i] = rAT(0x50+i);
 218   2        }
 219   1      }
 220          
 221          void write_device_seq(unsigned char* tmp){
 222   1        unsigned char i;
 223   1        for(i=0;i<6;i++){
 224   2          wAT(0x50+i, tmp[i]);
 225   2        }
 226   1      }
 227          
 228          // и®Ўз®—bufж•°з»„зҡ„еҒ¶ж ЎйӘҢз»“жһңеҖј
 229          unsigned char set_checksum(unsigned char* buf, unsigned char num){
 230   1        xdata unsigned char i;
 231   1        xdata unsigned char tmp = 0x00;
 232   1        for(i=0;i<num;i++){
 233   2          tmp ^= buf[i];
 234   2        }
 235   1        return tmp;
 236   1      }
 237          
 238          void commit_sensor_data(){
C51 COMPILER V9.54   MAIN                                                                  04/27/2026 22:31:26 PAGE 5   

 239   1        adc_data = getAdc();
 240   1        
 241   1        send_buf[2]=0x08;
 242   1        send_buf[3]=0x03;
 243   1        send_buf[4]=(adc_data.adcTem>>8); // жё©еәҰ
 244   1        send_buf[5]=(adc_data.adcTem&0xff);
 245   1        send_buf[6]=(adc_data.adcLum>>8); // е…үз…§
 246   1        send_buf[7]=(adc_data.adcLum&0xff);
 247   1        send_buf[8]=(adc_data.adcHall); // йңҚе°”
 248   1        send_buf[9]=0; // жҢҜеҠЁ
 249   1        send_buf[10]=set_checksum(send_buf, 10);
 250   1        uart1Send(send_buf, 11);
 251   1      
 252   1      }
 253          
 254          void my1SCallback(){
 255   1        if(++counter_1s == 30)counter_1s = 0;
 256   1      
 257   1        if(mode == 1){ // жЈҖжөӢжЁЎејҸ
 258   2      
 259   2          // жЈҖжөӢеҪ“еүҚжҳҜеҗҰеӯҳеңЁRFID
 260   2          if(simple_read_uid(uid) == 0x03){
 261   3            is_stream_led = 1;
 262   3            
 263   3            // еӯҳеңЁRFIDж—¶пјҢйңҖиҰҒдёҠжҠҘеҲ·еҚЎж•°жҚ®
 264   3            send_buf[2] = 0x06;
 265   3            send_buf[3] = 0x06;
 266   3            send_buf[4] = uid[0];
 267   3            send_buf[5] = uid[1];
 268   3            send_buf[6] = uid[2];
 269   3            send_buf[7] = uid[3];
 270   3            send_buf[8] = set_checksum(send_buf, 8);
 271   3            uart1Send(send_buf, 9);
 272   3          }
 273   2          else is_stream_led = 0;
 274   2      
 275   2          if(counter_1s == 0){ // 30sеҸ‘йҖҒдёҖж¬Ў
 276   3            commit_sensor_data();
 277   3          }
 278   2        }
 279   1      }
 280          
 281          void my100msCallback(){
 282   1        if(mode == 0){
 283   2          if(cur_device_flag){
 284   3            setLed(0x38); // 00111000
 285   3            setSeg(device_seq[0]>>4,device_seq[0]&0x0f,54,device_seq[1]>>4,device_seq[1]&0x0f,54,device_seq[2]>>4,d
             -evice_seq[2]&0x0f);
 286   3          }
 287   2          else{
 288   3            setLed(0x07); // 00000111
 289   3            setSeg(device_seq[3]>>4,device_seq[3]&0x0f,54,device_seq[4]>>4,device_seq[4]&0x0f,54,device_seq[5]>>4,d
             -evice_seq[5]&0x0f);
 290   3          }
 291   2        }
 292   1        if(mode == 1){
 293   2          if(is_stream_led){
 294   3            setLed(led_vector);
 295   3            setSeg(uid[0]>>4,uid[0]&0x0f, uid[1]>>4,uid[1]&0x0f, uid[2]>>4,uid[2]&0x0f, uid[3]>>4,uid[3]&0x0f);
 296   3            led_vector = (led_vector<<1)+(led_vector>>7);
 297   3          }
 298   2          else{
C51 COMPILER V9.54   MAIN                                                                  04/27/2026 22:31:26 PAGE 6   

 299   3            setLed(0x00);
 300   3            setNum(0);
 301   3          }
 302   2        }
 303   1      }
 304          
 305          void myUartCallback(){
 306   1        // дёІеҸЈж”¶еҲ°ж•°жҚ®еӣәе®ҡдёә24еӯ—иҠӮпјҢз¬¬2еӯ—иҠӮеӣәе®ҡдёәжҢҮд»Өеӯ—иҠӮ
 307   1        xdata unsigned char command = 0xff; // жҢҮд»Өеӯ—иҠӮ
 308   1        xdata unsigned char write_addr = 0x00; // иҰҒеҶҷе…Ҙж•°жҚ®зҡ„ең°еқҖ
 309   1        
 310   1        // mode0дёӢеӣһжҳҫжүҖжңүдҝЎжҒҜ
 311   1        // if (mode == 0){
 312   1        //  uart1Send(receive_buf, 24);
 313   1        //  return;
 314   1        // }
 315   1      
 316   1      
 317   1        // ж”¶еҲ°ж•°жҚ®еҗҺпјҢйҰ–е…ҲиҝӣиЎҢеҒ¶ж ЎйӘҢеҲӨж–ӯ
 318   1        if(receive_buf[23] != set_checksum(receive_buf, 23)) return;
 319   1        
 320   1        command = receive_buf[2];
 321   1        if(command == 0x00){
 322   2          // 00 - еҸ‘йҖҒеәҸеҲ—еҸ·пјҢ2еӣәе®ҡдёә6пјҢ3еӣәе®ҡдёә0пјҢ4-7дёә4еӯ—иҠӮеәҸеҲ—еҸ·пјҢ8дёәеҒ¶ж ЎйӘҢ
 323   2          // еҢ…еӨҙ2+еӯ—иҠӮж•°1+жҢҮд»Өеӯ—иҠӮ1+еәҸеҲ—еҸ·4+еҒ¶ж ЎйӘҢ1=9
 324   2          
 325   2          // uart1Send(send_buf, 2);
 326   2          if(read_uid(uid)!=0x07){ // еӨұиҙҘпјҢеҸ‘йҖҒDEBUGж•°жҚ®её§пјҢе‘ҠзҹҘеӨұиҙҘ
 327   3            send_buf[2] = 1;
 328   3            send_buf[3] = 0xFF;
 329   3            send_buf[4] = 0x02;
 330   3            send_buf[5] = set_checksum(send_buf, 5);
 331   3            uart1Send(send_buf, 6);
 332   3            return;
 333   3          }
 334   2          // uart1Send(uid, 4);
 335   2          
 336   2          send_buf[2] = 6;
 337   2          send_buf[3] = 0;
 338   2          send_buf[4] = uid[0];
 339   2          send_buf[5] = uid[1];
 340   2          send_buf[6] = uid[2];
 341   2          send_buf[7] = uid[3];
 342   2          send_buf[8] = set_checksum(send_buf, 8);
 343   2      
 344   2          uart1Send(send_buf, 9);
 345   2        }
 346   1        else if(command == 0x01){
 347   2          // 01 - иҺ·еҸ–жҹҗдёӘең°еқҖзҡ„еҖјпјҲиҝҷйҮҢеҒҮи®ҫиҺ·еҸ–0x20пјҢж•°жҚ®дёә1-16пјү
 348   2          // 2еӣәе®ҡдёә0x13пјҢ3еӣәе®ҡдёә01пјҢ4дёәең°еқҖпјҲ0x20пјүпјҢ5-20дёәж•°жҚ®пјҢ21дёәеҒ¶ж ЎйӘҢ
 349   2          // еҢ…еӨҙ2+ж•°жҚ®еӯ—иҠӮ1+жҢҮд»Өеӯ—иҠӮ1+иҜ»еҸ–ең°еқҖ1+ж•°жҚ®16+еҒ¶ж ЎйӘҢ1=22
 350   2          send_buf[2]=0x13;
 351   2          send_buf[3]=0x01;
 352   2          send_buf[4]=receive_buf[3]; // иҜ»еҸ–ең°еқҖ
 353   2          
 354   2          if(readRFID(receive_buf[3], uid, card_data) != 0x2F){
 355   3            send_buf[2] = 3; // иҝ”еӣһеӨұиҙҘеё§
 356   3            send_buf[3] = 0xFF;
 357   3            send_buf[4] = 0x01;
 358   3            send_buf[5] = set_checksum(send_buf, 5);
 359   3            uart1Send(send_buf, 6);
 360   3            return;
C51 COMPILER V9.54   MAIN                                                                  04/27/2026 22:31:26 PAGE 7   

 361   3          }
 362   2          
 363   2          send_buf[5]=card_data[0];
 364   2          send_buf[6]=card_data[1];
 365   2          send_buf[7]=card_data[2];
 366   2          send_buf[8]=card_data[3];
 367   2          send_buf[9]=card_data[4];
 368   2          send_buf[10]=card_data[5];
 369   2          send_buf[11]=card_data[6];
 370   2          send_buf[12]=card_data[7];
 371   2          send_buf[13]=card_data[8];
 372   2          send_buf[14]=card_data[9];
 373   2          send_buf[15]=card_data[10];
 374   2          send_buf[16]=card_data[11];
 375   2          send_buf[17]=card_data[12];
 376   2          send_buf[18]=card_data[13];
 377   2          send_buf[19]=card_data[14];
 378   2          send_buf[20]=card_data[15];
 379   2          send_buf[21]=set_checksum(send_buf, 21);
 380   2          uart1Send(send_buf, 22);
 381   2        }
 382   1        else if(command == 0x02){
 383   2          // 02 - еҶҷе…ҘжҹҗдёӘең°еқҖж•°жҚ®пјҢиҝҷжқЎжҢҮд»ӨйңҖиҰҒеҲҶејҖеӨ„зҗҶпјҢиҝҷйҮҢжҳҜжҲҗеҠҹеҶҷе…Ҙең°еқҖ0x20зҡ„жө
             -ӢиҜ•
 384   2          // 2еӣәе®ҡ0x13, 3еӣәе®ҡ0x02, 4еӣәе®ҡ0x01(жҲҗеҠҹ), 5-20дёәж•°жҚ®пјҢ21дёәеҒ¶ж ЎйӘҢ
 385   2          // еҢ…еӨҙ2+ж•°жҚ®еӯ—иҠӮ1+жҢҮд»Өеӯ—иҠӮ1+иҝ”еӣһзҠ¶жҖҒ1+ж•°жҚ®16+еҒ¶ж ЎйӘҢ1=22
 386   2          
 387   2          if(writeRFID(receive_buf[3], &receive_buf[4]) != 0x1f){
 388   3            // еҶҷе…ҘеӨұиҙҘеҸӘеҸ‘йҖҒDEBUGж•°жҚ®пјҢдёҚеҸ‘йҖҒеҚҸи®®и§„е®ҡзҡ„ж•°жҚ®еҢ…дәҶ
 389   3            send_buf[2] = 3;
 390   3            send_buf[3] = 0xFF;
 391   3            send_buf[4] = 3;
 392   3            send_buf[5] = set_checksum(send_buf, 5);
 393   3            uart1Send(send_buf, 6);
 394   3            return;
 395   3          }
 396   2      
 397   2          send_buf[2]=0x13;
 398   2          send_buf[3]=0x02;
 399   2          send_buf[4]=0x01;
 400   2          send_buf[5]=receive_buf[4];
 401   2          send_buf[6]=receive_buf[5];
 402   2          send_buf[7]=receive_buf[6];
 403   2          send_buf[8]=receive_buf[7];
 404   2          send_buf[9]=receive_buf[8];
 405   2          send_buf[10]=receive_buf[9];
 406   2          send_buf[11]=receive_buf[10];
 407   2          send_buf[12]=receive_buf[11];
 408   2          send_buf[13]=receive_buf[12];
 409   2          send_buf[14]=receive_buf[13];
 410   2          send_buf[15]=receive_buf[14];
 411   2          send_buf[16]=receive_buf[15];
 412   2          send_buf[17]=receive_buf[16];
 413   2          send_buf[18]=receive_buf[17];
 414   2          send_buf[19]=receive_buf[18];
 415   2          send_buf[20]=receive_buf[19];
 416   2          send_buf[21]=set_checksum(send_buf, 21);
 417   2          uart1Send(send_buf, 22);
 418   2        }
 419   1        else if(command == 0x03){
 420   2          // 03 - иҺ·еҸ–дј ж„ҹеҷЁж•°жҚ®пјҢжӯӨж—¶дј иҫ“дј ж„ҹеҷЁж•°жҚ®еҚіеҸҜ
 421   2          // еҢ…еӨҙ2+ж•°жҚ®еӯ—иҠӮ1+жҢҮд»Өеӯ—иҠӮ1+жё©еәҰ2+е…үз…§2+йңҚе°”1+жҢҜеҠЁ1+еҒ¶ж ЎйӘҢ1=11
C51 COMPILER V9.54   MAIN                                                                  04/27/2026 22:31:26 PAGE 8   

 422   2          
 423   2          commit_sensor_data();
 424   2        }
 425   1        else if(command == 0x04){
 426   2          /* 04 - и®ҫзҪ®д»ҺжңәеәҸеҲ—еҸ·пјҢжӯӨж—¶йңҖиҰҒи®ҫзҪ®д»ҺжңәеәҸеҸ·дёәreceive_buf[3:9]
 427   2          жҲҗеҠҹж—¶иҝ”еӣһпјҡ
 428   2            aa 55 08 04 receive_buf[3:9] chk_sum
 429   2          еӨұиҙҘж—¶иҝ”еӣһпјҡ(е…¶е®һеӨұиҙҘдәҶд№ҹжЈҖжҹҘдёҚеҮәжқҘпјҢжүҖд»ҘдёҚдјҡиҝ”еӣһеӨұиҙҘзҡ„ж•°жҚ®её§пјҢеҶҷе…ҘеӨұи
             -ҙҘеә”иҜҘдјҡиҝ”еӣһдёҖдёӘж— ж•Ҳеё§пјҢеҸҜд»ҘеңЁlogдёӯжҹҘзңӢ)
 430   2            aa 55 03 04 00 chk_sum
 431   2          
 432   2          */
 433   2          
 434   2          write_device_seq(&receive_buf[3]);
 435   2          // wAT(0x50, receive_buf[3]);
 436   2          // wAT(0x51, receive_buf[4]);
 437   2          // wAT(0x52, receive_buf[5]);
 438   2          // wAT(0x53, receive_buf[6]);
 439   2          // wAT(0x54, receive_buf[7]);
 440   2          // wAT(0x55, receive_buf[8]);
 441   2      
 442   2          read_device_seq(); // йӘҢиҜҒжӯЈзЎ®жҖ§пјҢеҶҚиҜ»дёҖж¬Ў
 443   2      
 444   2          send_buf[2] = 0x08;
 445   2          send_buf[3] = 0x04;
 446   2          send_buf[4] = device_seq[0];
 447   2          send_buf[5] = device_seq[1];
 448   2          send_buf[6] = device_seq[2];
 449   2          send_buf[7] = device_seq[3];
 450   2          send_buf[8] = device_seq[4];
 451   2          send_buf[9] = device_seq[5];
 452   2          send_buf[10] = set_checksum(send_buf, 10);
 453   2      
 454   2          uart1Send(send_buf, 11);
 455   2        }
 456   1        else if(command == 0x05){
 457   2          /*
 458   2          05 - иҺ·еҸ–д»ҺжңәеәҸеҲ—еҸ·пјҢд»ҺAT24C02иҺ·еҸ–еәҸеҲ—еҸ·е№¶иҝ”еӣһгҖӮ
 459   2          */
 460   2          send_buf[2] = 0x08;
 461   2          send_buf[3] = 0x05;
 462   2          send_buf[4] = device_seq[0];
 463   2          send_buf[5] = device_seq[1];
 464   2          send_buf[6] = device_seq[2];
 465   2          send_buf[7] = device_seq[3];
 466   2          send_buf[8] = device_seq[4];
 467   2          send_buf[9] = device_seq[5];
 468   2          send_buf[10] = set_checksum(send_buf, 10);
 469   2      
 470   2          uart1Send(send_buf, 11);
 471   2      
 472   2        }
 473   1        else if(command == 0x06){
 474   2          // ж”¶еҲ°еҲ·еҚЎзҡ„е“Қеә”
 475   2          if(receive_buf[3] == 0x01){ // жҲҗеҠҹ
 476   3            setBeep(200);
 477   3            send_buf[2] = 0x03;
 478   3            send_buf[3] = 0xFF;
 479   3            send_buf[4] = 0x06;
 480   3            send_buf[5] = set_checksum(send_buf, 5);
 481   3            uart1Send(send_buf, 6);
 482   3          }
C51 COMPILER V9.54   MAIN                                                                  04/27/2026 22:31:26 PAGE 9   

 483   2        }
 484   1      }
 485          
 486          void myADCKeyCallback(){
 487   1        xdata unsigned char key;
 488   1      
 489   1        if(mode == 0){ // MODE0 еҫ…жңәжЁЎејҸ
 490   2          
 491   2          key = getADCKeyAct(enumADCKey3);
 492   2          // setLed(key);
 493   2          if(key == enumKeyPress){ // key3жҢүдёӢпјҢиҝ”еӣһRFIDеәҸеҲ—еҸ·е’Ңең°еқҖ20зҡ„ж•°жҚ®
 494   3            
 495   3            // иҝ”еӣһеәҸеҲ—еҸ·е’Ңең°еқҖ20зҡ„ж•°жҚ®
 496   3            status = readRFID(20, uid, card_data);
 497   3            if(status != 0x2F){ // еӨұиҙҘиҝ”еӣһзҠ¶жҖҒз Ғ
 498   4              send_buf[2] = status;
 499   4              uart1Send(send_buf, 3);
 500   4            }
 501   3            else{
 502   4              uart1Send(uid, 4);
 503   4              uart1Send(card_data, 16);
 504   4            }
 505   3            // do {
 506   3            //  status = readRFID(20, uid, card_data);
 507   3            // }
 508   3            // while(status != 0x2f);
 509   3            // uart1Send(uid, 4);
 510   3            // uart1Send(card_data, 16);
 511   3          }
 512   2      
 513   2          key = getADCKeyAct(enumADCKeyCenter);
 514   2          if(key == enumKeyPress){
 515   3            xdata unsigned char tmp_data[6] = {0,0,0,0,0,0};
 516   3            write_device_seq(tmp_data);
 517   3            read_device_seq();
 518   3            // еҗ‘ең°еқҖ20еҶҷе…Ҙж•°жҚ®
 519   3            // send_buf[2] = writeRFID(20, test_data);
 520   3            // uart1Send(send_buf, 3);
 521   3          }
 522   2      
 523   2          key = getADCKeyAct(enumADCKeyUp);
 524   2          if(key == enumKeyPress){
 525   3            // commit_sensor_data();
 526   3            cur_device_flag = 1 - cur_device_flag;
 527   3          }
 528   2      
 529   2          key = getADCKeyAct(enumADCKeyDown);
 530   2          if(key == enumKeyPress){
 531   3            cur_device_flag = 1 - cur_device_flag;
 532   3          }
 533   2        }
 534   1      
 535   1        // key = getADCKeyAct(enumADCKeyUp);
 536   1        // if(key == enumKeyPress){
 537   1      
 538   1        // }
 539   1        // key = getADCKeyAct(enumADCKeyDown);
 540   1        // if(key == enumKeyPress){
 541   1      
 542   1        // }
 543   1        // key = getADCKeyAct(enumADCKeyLeft);
 544   1        // if(key == enumKeyPress){
C51 COMPILER V9.54   MAIN                                                                  04/27/2026 22:31:26 PAGE 10  

 545   1        //  // еҶҷе…ҘеӨұиҙҘпјҢиҝ”еӣһеӨұиҙҘзҡ„ж•°жҚ®её§
 546   1        //  // еҢ…еӨҙ2+ж•°жҚ®еӯ—иҠӮ1+жҢҮд»Өеӯ—иҠӮ1+иҝ”еӣһзҠ¶жҖҒ1+еҒ¶ж ЎйӘҢ1=6
 547   1        //  send_buf[2]=0x03;
 548   1        //  send_buf[3]=0x02;
 549   1        //  send_buf[4]=0x00;
 550   1        //  send_buf[5]=set_checksum(send_buf, 5);
 551   1        //  uart1Send(send_buf, 6);
 552   1        // }
 553   1        // key = getADCKeyAct(enumADCKeyRight);
 554   1        // if(key == enumKeyPress){
 555   1      
 556   1        // }
 557   1        
 558   1      }
 559          
 560          void myKeyCallback(){
 561   1        xdata unsigned char key;
 562   1      
 563   1        // key2жҳҜжЁЎејҸеҲҮжҚўй”®пјҢдёҺе…¶дҪҷйҖ»иҫ‘еҲҶзҰ»
 564   1        key = getKeyAct(enumKey2);
 565   1        if(key == enumKeyPress){ // key2жҢүдёӢпјҢеҲҮжҚўжЁЎејҸ
 566   2          // еҲҮжҚўеүҚзҡ„ж“ҚдҪң
 567   2      
 568   2          mode = (mode+1)%3;
 569   2      
 570   2          // еҲҮжҚўеҗҺзҡ„ж“ҚдҪң
 571   2          if(mode == 0){
 572   3            setNum(1234567);
 573   3          }
 574   2          else if(mode == 1){
 575   3            setLed(0x00);
 576   3            setNum(0);
 577   3          }
 578   2          else if(mode == 2){
 579   3            setNum(2);
 580   3          }
 581   2        }
 582   1      
 583   1        if(mode == 0){ // MODE0 еҫ…жңәжЁЎејҸ
 584   2          key = getKeyAct(enumKey1);
 585   2          if(key == enumKeyPress){ // key1 жҢүдёӢпјҢиҺ·еҸ–RFIDеәҸеҲ—еҸ·
 586   3            // WriteRawRC(CommandReg,PCD_RESETPHASE);
 587   3      
 588   3        //    send_buf[0] = ReadRawRC(CommandReg);
 589   3        //    send_buf[1] = ReadRawRC(ModeReg);
 590   3        //    send_buf[2] = ReadRawRC(TReloadRegL);
 591   3        //    send_buf[3] = ReadRawRC(TReloadRegH);
 592   3        //    send_buf[4] = ReadRawRC(TModeReg);
 593   3        //    send_buf[5] = ReadRawRC(TPrescalerReg);
 594   3        //    send_buf[6] = ReadRawRC(TxAskReg);
 595   3        //    send_buf[7] = 0xAA;
 596   3        //    uart1Send(send_buf, 8);
 597   3        //    setLed(0xa3);
 598   3      
 599   3            // иҺ·еҸ–uid
 600   3            if(read_uid(uid)!=0x07)return;
 601   3            uart1Send(uid, 4);
 602   3          }
 603   2          // ReadCardData(uid, card_buf);
 604   2      
 605   2        }
 606   1      
C51 COMPILER V9.54   MAIN                                                                  04/27/2026 22:31:26 PAGE 11  

 607   1      }


MODULE INFORMATION:   STATIC OVERLAYABLE
   CODE SIZE        =   2361    ----
   CONSTANT SIZE    =     22    ----
   XDATA SIZE       =     98      24
   PDATA SIZE       =   ----    ----
   DATA SIZE        =      2      25
   IDATA SIZE       =   ----    ----
   BIT SIZE         =   ----    ----
END OF MODULE INFORMATION.


C51 COMPILATION COMPLETE.  0 WARNING(S),  0 ERROR(S)
