C51 COMPILER V9.54   SM                                                                    03/20/2026 15:38:41 PAGE 1   


C51 COMPILER V9.54, COMPILATION OF MODULE SM
OBJECT MODULE PLACED IN .\Objects\sm.obj
COMPILER INVOKED BY: D:\0_SoftWare\Keil5\C51\BIN\C51.EXE sm.c OPTIMIZE(8,SPEED) BROWSE DEBUG OBJECTEXTEND PRINT(.\Listin
                    -gs\sm.lst) TABS(2) OBJECT(.\Objects\sm.obj)

line level    source

   1          #include <sm.h>
   2          
   3          extern void udelay(unsigned int us);
   4          extern xdata unsigned char _dis_shape;
   5          xdata unsigned char _speeds[3] = {0,0,0};
   6          xdata unsigned int _steps[3] = {0,0,0};
   7          xdata unsigned char _dirs[3] = {0,0,0};
   8          xdata char _acc[3] = {0x00,0x00,0x00};
   9          
  10          /*
  11          code unsigned char sm_table[8][4] = {
  12            {0,1,1,1},
  13            {0,0,1,1},
  14            {1,0,1,1},
  15            {1,0,0,1},
  16            {1,1,0,1},
  17            {1,1,0,0},
  18            {1,1,1,0},
  19            {0,1,1,0}
  20          };
  21          */
  22          
  23          code unsigned char sm_table[8][4] = {
  24            {1,0,0,0},
  25            {1,1,0,0},
  26            {0,1,0,0},
  27            {0,1,1,0},
  28            {0,0,1,0},
  29            {0,0,1,1},
  30            {0,0,0,1},
  31            {1,0,0,1}
  32          };
  33          
  34          void smInit(){
  35   1        P4M1 = 0x00; // 设置推挽
  36   1        P4M0 = 0x1E;
  37   1      }
  38          
  39          void _setSM(unsigned char s){ // s是sm_table的索引 0-7
  40   1        S1 = sm_table[s][0];
  41   1        S2 = sm_table[s][1];
  42   1        S3 = sm_table[s][2];
  43   1        S4 = sm_table[s][3];
  44   1      }
  45          
  46          // 由于setLed只能整体赋值，无法对某几个分别赋值，这里直接操作displayer中的dis_
             -shape
  47          // 还需要直接设置P0的值显示，否则只有在进入while循环的disRun才会更新显示
  48          void _setSM1(unsigned char s){ // 这里s也是索引
  49   1        _dis_shape = (_dis_shape&0xf0)|sm_table[s][0]|(sm_table[s][1]<<1)|(sm_table[s][2]<<2)|(sm_table[s][3]<<3)
             -;
  50   1      }
  51          
  52          void _setSM2(unsigned char s){
C51 COMPILER V9.54   SM                                                                    03/20/2026 15:38:41 PAGE 2   

  53   1        _dis_shape = (_dis_shape&0x0f)|((sm_table[s][0]|(sm_table[s][1]<<1)|(sm_table[s][2]<<2)|(sm_table[s][3]<<
             -3))<<4);
  54   1      }
  55          
  56          void setSm(unsigned char sm, unsigned char speed, unsigned int steps, unsigned char dir){
  57   1        _speeds[sm] = speed;
  58   1        _steps[sm] = steps;
  59   1        _dirs[sm] = dir;
  60   1        /*
  61   1        unsigned int i;
  62   1        if(sm == 0){ // SM外接的步进电机
  63   1          if(dir == 0){ // 正转
  64   1            for(i=0;i<steps;i++){
  65   1              _setSM(i%8);
  66   1              Delay(1000/speed);
  67   1            }
  68   1          }
  69   1          else{
  70   1            
  71   1            for(i=0;i<steps;i++){
  72   1              _setSM(7-(i%8));
  73   1              Delay(1000/speed);
  74   1            }
  75   1            
  76   1          }
  77   1        }
  78   1        else if(sm == 1){ // L0-L3 模拟的步进电机
  79   1          if(dir == 0){ // 正转
  80   1            for(i=0;i<steps;i++){
  81   1              _setSM1(i%8);
  82   1              Delay(1000/speed);
  83   1            }
  84   1          }
  85   1          else{
  86   1            
  87   1            for(i=0;i<steps;i++){
  88   1              _setSM1(7-(i%8));
  89   1              Delay(1000/speed);
  90   1            }
  91   1            
  92   1          }
  93   1        }
  94   1        else if(sm == 2){ // L4-L7 模拟的步进电机
  95   1          if(dir == 0){ // 正转
  96   1            for(i=0;i<steps;i++){
  97   1              _setSM2(i%8);
  98   1              Delay(1000/speed);
  99   1            }
 100   1          }
 101   1          else{
 102   1            
 103   1            for(i=0;i<steps;i++){
 104   1              _setSM2(7-(i%8));
 105   1              Delay(1000/speed);
 106   1            }
 107   1            
 108   1          }
 109   1        }
 110   1        else return;
 111   1        */
 112   1      }
 113          
C51 COMPILER V9.54   SM                                                                    03/20/2026 15:38:41 PAGE 3   

 114          // 该函数在定时器中断中调用，用于执行一次步进电机的转动
 115          void _smRun(unsigned char sm){ // sm为需要执行的电机
 116   1          // 控制步进电机的转动 暂时没有速度
 117   1        if(sm == 0){
 118   2          if(_steps[0]){
 119   3            if(_dirs[0])_setSM(7-(_steps[0]%8));
 120   3            else _setSM(_steps[0]%8);
 121   3            --_steps[0];
 122   3          }
 123   2        }
 124   1        else if(sm == 1){
 125   2          
 126   2          if(_steps[1]){
 127   3            if(_dirs[1])_setSM1(7-(_steps[1]%8));
 128   3            else _setSM1(_steps[1]%8);
 129   3            --_steps[1];
 130   3          }
 131   2        }
 132   1        else if(sm == 2){
 133   2          
 134   2          if(_steps[2]){
 135   3            if(_dirs[2])_setSM2(7-(_steps[2]%8));
 136   3            else _setSM2(_steps[2]%8);
 137   3            --_steps[2];
 138   3          }
 139   2        }
 140   1      }
 141          
 142          void setAcc(unsigned char sm, char acc){
 143   1        _acc[sm] = acc;
 144   1      }
 145          
 146          xdata unsigned char _target_speed[3] = {0xff,0xff,0xff};
 147          void setSpeed(unsigned char sm, unsigned char speed){
 148   1        _target_speed[sm] = speed;
 149   1      }


MODULE INFORMATION:   STATIC OVERLAYABLE
   CODE SIZE        =    515    ----
   CONSTANT SIZE    =     32    ----
   XDATA SIZE       =     18    ----
   PDATA SIZE       =   ----    ----
   DATA SIZE        =   ----       5
   IDATA SIZE       =   ----    ----
   BIT SIZE         =   ----    ----
END OF MODULE INFORMATION.


C51 COMPILATION COMPLETE.  0 WARNING(S),  0 ERROR(S)
