2026-03-22 15:22:25,609 - DEBUG - 程序开始运行
2026-03-22 15:22:27,167 - WARNING - 未找到可用串口
2026-03-22 15:22:27,357 - DEBUG - serialThread开始运行
2026-03-22 16:03:15,548 - INFO - 应用程序已关闭
2026-03-22 17:00:49,926 - DEBUG - 程序开始运行
2026-03-22 17:00:50,321 - WARNING - 未找到可用串口
2026-03-22 17:00:57,250 - DEBUG - 程序开始运行
2026-03-22 17:00:57,545 - WARNING - 未找到可用串口
2026-03-22 17:00:57,721 - DEBUG - serialThread开始运行
2026-03-22 17:00:59,735 - INFO - 应用程序已关闭
2026-03-22 17:29:18,320 - DEBUG - 程序开始运行
2026-03-22 17:29:18,752 - WARNING - 未找到可用串口
2026-03-22 17:29:18,929 - DEBUG - serialThread开始运行
2026-03-22 17:29:33,726 - DEBUG - 发送设置从机序列号的数据帧：AA 55 04 AA BB CC DD 33 FF 00 00 00 00 00 00 00 00 00 00 00 00 00 00 37
2026-03-22 17:29:33,726 - WARNING - 串口未打开，数据发送失败：AA 55 04 AA BB CC DD 33 FF 00 00 00 00 00 00 00 00 00 00 00 00 00 00 37
2026-03-22 17:35:11,515 - INFO - 应用程序已关闭
2026-03-22 18:15:22,795 - DEBUG - 程序开始运行
2026-03-22 18:15:23,172 - INFO - 找到 1 个串口
2026-03-22 18:15:23,359 - DEBUG - serialThread开始运行
2026-03-22 18:15:30,772 - INFO - 正在连接串口：COM5 @ 9600
2026-03-22 18:15:30,775 - INFO - 串口打开成功！(port: COM5 baudrate: 9600 timeout: 1.0)
2026-03-22 18:15:30,776 - INFO - 串口已连接：COM5 - USB-SERIAL CH340 (COM5)
2026-03-22 18:15:58,320 - DEBUG - 数据发送成功：AA 55 00 00 00 00 00 00 00 00 00 00 00 00 00 00 00 00 00 00 00 00 00 FF
2026-03-22 18:15:58,387 - INFO - 收到合法数据包：aa550600f568ca2886
2026-03-22 18:16:00,089 - ERROR - 地址长度错误：None
2026-03-22 18:16:05,325 - DEBUG - 数据发送成功：AA 55 01 14 00 00 00 00 00 00 00 00 00 00 00 00 00 00 00 00 00 00 00 EA
2026-03-22 18:16:05,416 - INFO - 收到合法数据包：aa551301140102030405060708090a0b0c0d0e0f10e9
2026-03-22 18:16:27,537 - DEBUG - 发送设置从机序列号的数据帧：AA 55 04 10 55 21 32 EF 54 00 00 00 00 00 00 00 00 00 00 00 00 00 00 16
2026-03-22 18:16:27,538 - DEBUG - 数据发送成功：AA 55 04 10 55 21 32 EF 54 00 00 00 00 00 00 00 00 00 00 00 00 00 00 16
2026-03-22 18:16:27,691 - INFO - 收到合法数据包：aa55080410552132ef541e
2026-03-22 18:16:27,691 - INFO - 收到写入序列号后返回的数据帧：AA 55 08 04 10 55 21 32 EF 54 1E
2026-03-22 18:17:47,491 - INFO - 正在关闭应用程序...
2026-03-22 18:17:47,491 - INFO - 正在断开串口连接
2026-03-22 18:17:47,491 - ERROR - 发生错误：byref() argument must be a ctypes instance, not 'NoneType'
2026-03-22 18:17:47,491 - ERROR - 发生错误：'NoneType' object has no attribute 'hEvent'
2026-03-22 18:17:47,491 - ERROR - 发生错误：'NoneType' object has no attribute 'hEvent'
2026-03-22 18:17:47,491 - ERROR - 发生错误：'NoneType' object has no attribute 'hEvent'
2026-03-22 18:17:47,491 - ERROR - 发生错误：'NoneType' object has no attribute 'hEvent'
2026-03-22 18:17:47,492 - ERROR - 发生错误：'NoneType' object has no attribute 'hEvent'
2026-03-22 18:17:47,492 - ERROR - 发生错误：'NoneType' object has no attribute 'hEvent'
2026-03-22 18:17:47,492 - ERROR - 发生错误：'NoneType' object has no attribute 'hEvent'
2026-03-22 18:17:47,492 - ERROR - 发生错误：'NoneType' object has no attribute 'hEvent'
2026-03-22 18:17:47,492 - INFO - 串口关闭成功！
2026-03-22 18:17:47,492 - INFO - 串口已断开
2026-03-22 18:17:47,492 - INFO - 应用程序已关闭
2026-03-22 18:17:49,538 - DEBUG - 程序开始运行
2026-03-22 18:17:49,852 - INFO - 找到 1 个串口
2026-03-22 18:17:50,111 - DEBUG - serialThread开始运行
2026-03-22 18:18:01,298 - WARNING - 串口未打开，数据发送失败：AA 55 00 00 00 00 00 00 00 00 00 00 00 00 00 00 00 00 00 00 00 00 00 FF
2026-03-22 18:18:03,235 - INFO - 正在连接串口：COM5 @ 9600
2026-03-22 18:18:03,236 - INFO - 串口打开成功！(port: COM5 baudrate: 9600 timeout: 1.0)
2026-03-22 18:18:03,238 - INFO - 串口已连接：COM5 - USB-SERIAL CH340 (COM5)
2026-03-22 18:18:04,979 - DEBUG - 数据发送成功：AA 55 00 00 00 00 00 00 00 00 00 00 00 00 00 00 00 00 00 00 00 00 00 FF
2026-03-22 18:18:05,045 - INFO - 收到合法数据包：aa550600f568ca2886
2026-03-22 18:18:06,005 - DEBUG - 数据发送成功：AA 55 01 14 00 00 00 00 00 00 00 00 00 00 00 00 00 00 00 00 00 00 00 EA
2026-03-22 18:18:06,096 - INFO - 收到合法数据包：aa551301140102030405060708090a0b0c0d0e0f10e9
2026-03-22 18:18:15,513 - DEBUG - 发送设置从机序列号的数据帧：AA 55 04 45 12 23 34 56 23 00 00 00 00 00 00 00 00 00 00 00 00 00 00 CE
2026-03-22 18:18:15,514 - DEBUG - 数据发送成功：AA 55 04 45 12 23 34 56 23 00 00 00 00 00 00 00 00 00 00 00 00 00 00 CE
2026-03-22 18:18:15,664 - INFO - 收到合法数据包：aa550804451223345623c6
2026-03-22 18:18:15,664 - INFO - 收到写入序列号后返回的数据帧：AA 55 08 04 45 12 23 34 56 23 C6
2026-03-22 18:18:24,349 - INFO - 正在断开串口连接
2026-03-22 18:18:24,349 - ERROR - 发生错误：byref() argument must be a ctypes instance, not 'NoneType'
2026-03-22 18:18:24,350 - ERROR - 发生错误：'NoneType' object has no attribute 'hEvent'
2026-03-22 18:18:24,350 - ERROR - 发生错误：'NoneType' object has no attribute 'hEvent'
2026-03-22 18:18:24,350 - ERROR - 发生错误：'NoneType' object has no attribute 'hEvent'
2026-03-22 18:18:24,350 - ERROR - 发生错误：'NoneType' object has no attribute 'hEvent'
2026-03-22 18:18:24,350 - ERROR - 发生错误：'NoneType' object has no attribute 'hEvent'
2026-03-22 18:18:24,350 - ERROR - 发生错误：'NoneType' object has no attribute 'hEvent'
2026-03-22 18:18:24,350 - ERROR - 发生错误：'NoneType' object has no attribute 'hEvent'
2026-03-22 18:18:24,350 - ERROR - 发生错误：'NoneType' object has no attribute 'hEvent'
2026-03-22 18:18:24,350 - INFO - 串口关闭成功！
2026-03-22 18:18:24,351 - INFO - 串口已断开
2026-03-22 19:25:41,480 - INFO - 应用程序已关闭
